# JRE version: Java(TM) SE Runtime Environment 18.9 (11.0.18+9) (build 11.0.18+9-LTS-195)
# Java VM: Java HotSpot(TM) 64-Bit Server VM 18.9 (11.0.18+9-LTS-195, mixed mode, tiered, compressed oops, g1 gc, windows-amd64)
Heap:
 garbage-first heap   total 262144K, used 63399K [0x0000000701800000, 0x0000000800000000)
  region size 1024K, 45 young (46080K), 2 survivors (2048K)
 Metaspace       used 44583K, capacity 45042K, committed 45392K, reserved 1089536K
  class space    used 5311K, capacity 5509K, committed 5632K, reserved 1048576K
GC Heap History (10 events):
Event: 1.903 GC heap before
{Heap before GC invocations=0 (full 0):
 garbage-first heap   total 262144K, used 27648K [0x0000000701800000, 0x0000000800000000)
  region size 1024K, 24 young (24576K), 0 survivors (0K)
 Metaspace       used 12182K, capacity 12310K, committed 12544K, reserved 1060864K
  class space    used 1153K, capacity 1207K, committed 1280K, reserved 1048576K
}
Event: 1.957 GC heap after
{Heap after GC invocations=1 (full 0):
 garbage-first heap   total 262144K, used 5813K [0x0000000701800000, 0x0000000800000000)
  region size 1024K, 3 young (3072K), 3 survivors (3072K)
 Metaspace       used 12182K, capacity 12310K, committed 12544K, reserved 1060864K
  class space    used 1153K, capacity 1207K, committed 1280K, reserved 1048576K
}
Event: 3.503 GC heap before
{Heap before GC invocations=1 (full 0):
 garbage-first heap   total 262144K, used 42677K [0x0000000701800000, 0x0000000800000000)
  region size 1024K, 40 young (40960K), 3 survivors (3072K)
 Metaspace       used 20934K, capacity 21084K, committed 21296K, reserved 1069056K
  class space    used 2243K, capacity 2312K, committed 2432K, reserved 1048576K
}
Event: 3.512 GC heap after
{Heap after GC invocations=2 (full 0):
 garbage-first heap   total 262144K, used 9387K [0x0000000701800000, 0x0000000800000000)
  region size 1024K, 7 young (7168K), 7 survivors (7168K)
 Metaspace       used 20934K, capacity 21084K, committed 21296K, reserved 1069056K
  class space    used 2243K, capacity 2312K, committed 2432K, reserved 1048576K
}
Event: 6.947 GC heap before
{Heap before GC invocations=3 (full 0):
 garbage-first heap   total 262144K, used 65707K [0x0000000701800000, 0x0000000800000000)
  region size 1024K, 57 young (58368K), 7 survivors (7168K)
 Metaspace       used 33085K, capacity 33456K, committed 33712K, reserved 1079296K
  class space    used 4162K, capacity 4342K, committed 4352K, reserved 1048576K
}
Event: 6.967 GC heap after
{Heap after GC invocations=4 (full 0):
 garbage-first heap   total 262144K, used 20615K [0x0000000701800000, 0x0000000800000000)
  region size 1024K, 8 young (8192K), 8 survivors (8192K)
 Metaspace       used 33085K, capacity 33456K, committed 33712K, reserved 1079296K
  class space    used 4162K, capacity 4342K, committed 4352K, reserved 1048576K
}
Event: 7.542 GC heap before
{Heap before GC invocations=4 (full 0):
 garbage-first heap   total 262144K, used 30855K [0x0000000701800000, 0x0000000800000000)
  region size 1024K, 18 young (18432K), 8 survivors (8192K)
 Metaspace       used 35064K, capacity 35483K, committed 35760K, reserved 1081344K
  class space    used 4379K, capacity 4570K, committed 4608K, reserved 1048576K
}
Event: 7.553 GC heap after
{Heap after GC invocations=5 (full 0):
 garbage-first heap   total 262144K, used 20939K [0x0000000701800000, 0x0000000800000000)
  region size 1024K, 3 young (3072K), 3 survivors (3072K)
 Metaspace       used 35064K, capacity 35483K, committed 35760K, reserved 1081344K
  class space    used 4379K, capacity 4570K, committed 4608K, reserved 1048576K
}
Event: 7.696 GC heap before
{Heap before GC invocations=5 (full 0):
 garbage-first heap   total 262144K, used 22987K [0x0000000701800000, 0x0000000800000000)
  region size 1024K, 6 young (6144K), 3 survivors (3072K)
 Metaspace       used 35470K, capacity 35850K, committed 35920K, reserved 1081344K
  class space    used 4423K, capacity 4607K, committed 4608K, reserved 1048576K
}
Event: 7.698 GC heap after
{Heap after GC invocations=6 (full 0):
 garbage-first heap   total 262144K, used 20391K [0x0000000701800000, 0x0000000800000000)
  region size 1024K, 2 young (2048K), 2 survivors (2048K)
 Metaspace       used 35470K, capacity 35850K, committed 35920K, reserved 1081344K
  class space    used 4423K, capacity 4607K, committed 4608K, reserved 1048576K
}

